<?xml version="1.0" encoding="UTF-8" ?>
<testsuite tests="4" failures="4" name="com.nku.collatz.CollatzNumberGeneratorTest" time="0.004" errors="0" skipped="0">
  <properties>
    <property name="java.runtime.name" value="Java(TM) SE Runtime Environment"/>
    <property name="sun.boot.library.path" value="/usr/local/java/jdk1.8.0_31/jre/lib/amd64"/>
    <property name="java.vm.version" value="25.31-b07"/>
    <property name="java.vm.vendor" value="Oracle Corporation"/>
    <property name="java.vendor.url" value="http://java.oracle.com/"/>
    <property name="path.separator" value=":"/>
    <property name="guice.disable.misplaced.annotation.check" value="true"/>
    <property name="java.vm.name" value="Java HotSpot(TM) 64-Bit Server VM"/>
    <property name="file.encoding.pkg" value="sun.io"/>
    <property name="user.country" value="US"/>
    <property name="sun.java.launcher" value="SUN_STANDARD"/>
    <property name="sun.os.patch.level" value="unknown"/>
    <property name="java.vm.specification.name" value="Java Virtual Machine Specification"/>
    <property name="user.dir" value="/home/nick/workspaceNKU/Collatz-TeamA-TDD"/>
    <property name="java.runtime.version" value="1.8.0_31-b13"/>
    <property name="java.awt.graphicsenv" value="sun.awt.X11GraphicsEnvironment"/>
    <property name="java.endorsed.dirs" value="/usr/local/java/jdk1.8.0_31/jre/lib/endorsed"/>
    <property name="os.arch" value="amd64"/>
    <property name="java.io.tmpdir" value="/tmp"/>
    <property name="line.separator" value="
"/>
    <property name="java.vm.specification.vendor" value="Oracle Corporation"/>
    <property name="os.name" value="Linux"/>
    <property name="classworlds.conf" value="/home/nick/workspaceNKU/.metadata/.plugins/org.eclipse.m2e.launching/launches/m2conf8889204602640848182.tmp"/>
    <property name="sun.jnu.encoding" value="UTF-8"/>
    <property name="java.library.path" value="/usr/java/packages/lib/amd64:/usr/lib64:/lib64:/lib:/usr/lib"/>
    <property name="java.specification.name" value="Java Platform API Specification"/>
    <property name="java.class.version" value="52.0"/>
    <property name="sun.management.compiler" value="HotSpot 64-Bit Tiered Compilers"/>
    <property name="os.version" value="3.5.0-26-generic"/>
    <property name="user.home" value="/home/nick"/>
    <property name="user.timezone" value="America/New_York"/>
    <property name="java.awt.printerjob" value="sun.print.PSPrinterJob"/>
    <property name="file.encoding" value="UTF-8"/>
    <property name="java.specification.version" value="1.8"/>
    <property name="user.name" value="nick"/>
    <property name="java.class.path" value="/home/nick/apps/eclipse-4.3/plugins/org.eclipse.m2e.maven.runtime_1.5.0.20140605-2032/jars/plexus-classworlds-2.5.1.jar"/>
    <property name="org.slf4j.simpleLogger.defaultLogLevel" value="info"/>
    <property name="java.vm.specification.version" value="1.8"/>
    <property name="sun.arch.data.model" value="64"/>
    <property name="java.home" value="/usr/local/java/jdk1.8.0_31/jre"/>
    <property name="sun.java.command" value="org.codehaus.plexus.classworlds.launcher.Launcher -B install"/>
    <property name="java.specification.vendor" value="Oracle Corporation"/>
    <property name="user.language" value="en"/>
    <property name="awt.toolkit" value="sun.awt.X11.XToolkit"/>
    <property name="java.vm.info" value="mixed mode"/>
    <property name="java.version" value="1.8.0_31"/>
    <property name="java.ext.dirs" value="/usr/local/java/jdk1.8.0_31/jre/lib/ext:/usr/java/packages/lib/ext"/>
    <property name="securerandom.source" value="file:/dev/./urandom"/>
    <property name="sun.boot.class.path" value="/usr/local/java/jdk1.8.0_31/jre/lib/resources.jar:/usr/local/java/jdk1.8.0_31/jre/lib/rt.jar:/usr/local/java/jdk1.8.0_31/jre/lib/sunrsasign.jar:/usr/local/java/jdk1.8.0_31/jre/lib/jsse.jar:/usr/local/java/jdk1.8.0_31/jre/lib/jce.jar:/usr/local/java/jdk1.8.0_31/jre/lib/charsets.jar:/usr/local/java/jdk1.8.0_31/jre/lib/jfr.jar:/usr/local/java/jdk1.8.0_31/jre/classes"/>
    <property name="java.vendor" value="Oracle Corporation"/>
    <property name="maven.home" value="/home/nick/workspaceNKU/Collatz-TeamA-TDD/EMBEDDED"/>
    <property name="file.separator" value="/"/>
    <property name="java.vendor.url.bug" value="http://bugreport.sun.com/bugreport/"/>
    <property name="sun.cpu.endian" value="little"/>
    <property name="sun.io.unicode.encoding" value="UnicodeLittle"/>
    <property name="sun.cpu.isalist" value=""/>
  </properties>
  <testcase classname="com.nku.collatz.CollatzNumberGeneratorTest" name="com.nku.collatz.CollatzNumberGeneratorTest.testBaseCase" time="0.004">
    <failure type="java.lang.NullPointerException">java.lang.NullPointerException
	at com.nku.collatz.CollatzNumberGeneratorTest.testBaseCase(CollatzNumberGeneratorTest.java:26)
</failure>
  </testcase>
  <testcase classname="com.nku.collatz.CollatzNumberGeneratorTest" name="com.nku.collatz.CollatzNumberGeneratorTest.testSeedThriteen" time="0">
    <failure type="java.lang.NullPointerException">java.lang.NullPointerException
	at com.nku.collatz.CollatzNumberGeneratorTest.testSeedThriteen(CollatzNumberGeneratorTest.java:55)
</failure>
  </testcase>
  <testcase classname="com.nku.collatz.CollatzNumberGeneratorTest" name="com.nku.collatz.CollatzNumberGeneratorTest.testSeedThree" time="0">
    <failure type="java.lang.NullPointerException">java.lang.NullPointerException
	at com.nku.collatz.CollatzNumberGeneratorTest.testSeedThree(CollatzNumberGeneratorTest.java:78)
</failure>
  </testcase>
  <testcase classname="com.nku.collatz.CollatzNumberGeneratorTest" name="com.nku.collatz.CollatzNumberGeneratorTest.testSeedSix" time="0">
    <failure type="java.lang.NullPointerException">java.lang.NullPointerException
	at com.nku.collatz.CollatzNumberGeneratorTest.testSeedSix(CollatzNumberGeneratorTest.java:33)
</failure>
  </testcase>
</testsuite>